  stdafx.cpp
c:\users\park\desktop\windowapi\cameramanager.h(42): warning C4244: '=': 'int'에서 'float'(으)로 변환하면서 데이터가 손실될 수 있습니다.
c:\users\park\desktop\windowapi\cameramanager.h(43): warning C4244: '=': 'int'에서 'float'(으)로 변환하면서 데이터가 손실될 수 있습니다.
c:\users\park\desktop\windowapi\cameramanager.h(44): warning C4244: '인수': 'float'에서 'int'(으)로 변환하면서 데이터가 손실될 수 있습니다.
  cameraManager.cpp
c:\users\park\desktop\windowapi\cameramanager.cpp(9): warning C4244: '인수': 'float'에서 'int'(으)로 변환하면서 데이터가 손실될 수 있습니다.
c:\users\park\desktop\windowapi\cameramanager.cpp(88): warning C4244: '인수': 'float'에서 'int'(으)로 변환하면서 데이터가 손실될 수 있습니다.
c:\users\park\desktop\windowapi\cameramanager.cpp(103): warning C4244: '인수': 'float'에서 'int'(으)로 변환하면서 데이터가 손실될 수 있습니다.
  gameNode.cpp
  image.cpp
c:\users\park\desktop\windowapi\image.cpp(706): warning C4244: '=': 'float'에서 'int'(으)로 변환하면서 데이터가 손실될 수 있습니다.
c:\users\park\desktop\windowapi\image.cpp(707): warning C4244: '=': 'float'에서 'int'(으)로 변환하면서 데이터가 손실될 수 있습니다.
c:\users\park\desktop\windowapi\image.cpp(740): warning C4244: '=': 'float'에서 'int'(으)로 변환하면서 데이터가 손실될 수 있습니다.
c:\users\park\desktop\windowapi\image.cpp(741): warning C4244: '=': 'float'에서 'int'(으)로 변환하면서 데이터가 손실될 수 있습니다.
  imageManager.cpp
  keyManager.cpp
  mainGame.cpp
  player.cpp
c:\users\park\desktop\windowapi\player.cpp(12): warning C4244: '인수': 'float'에서 'int'(으)로 변환하면서 데이터가 손실될 수 있습니다.
c:\users\park\desktop\windowapi\player.cpp(51): warning C4244: '인수': 'float'에서 'int'(으)로 변환하면서 데이터가 손실될 수 있습니다.
c:\users\park\desktop\windowapi\player.cpp(58): warning C4244: '인수': 'float'에서 'int'(으)로 변환하면서 데이터가 손실될 수 있습니다.
  util.cpp
  winMain.cpp
  코드를 생성하고 있습니다...
  WindowAPI.vcxproj -> C:\Users\park\Desktop\WindowAPI\Debug\WindowAPI.exe
